01:58:33.966255 DNSDB: API key data was not provided
01:58:33.966395 DNSDB: check callback failed for the configuration
01:58:33.966323 BinaryEdge: check callback failed for the configuration
01:58:33.966324 ZoomEye: check callback failed for the configuration
01:58:33.966328 Twitter: API key data was not provided
01:58:33.966598 Twitter: check callback failed for the configuration
01:58:33.966329 URLScan: API key data was not provided
01:58:33.966332 Spyse: check callback failed for the configuration
01:58:33.966333 Umbrella: API key data was not provided
01:58:33.966632 Umbrella: check callback failed for the configuration
01:58:33.966335 ThreatBook: check callback failed for the configuration
01:58:33.966339 AlienVault: API key data was not provided
01:58:33.966341 C99: check callback failed for the configuration
01:58:33.966342 CIRCL: check callback failed for the configuration
01:58:33.966346 WhoisXMLAPI: check callback failed for the configuration
01:58:33.966348 GitHub: check callback failed for the configuration
01:58:33.966352 Cloudflare: API key data was not provided
01:58:33.966356 ZETAlytics: check callback failed for the configuration
01:58:33.966357 NetworksDB: API key data was not provided
01:58:33.966364 Chaos: check callback failed for the configuration
01:58:33.966366 PassiveTotal: check callback failed for the configuration
01:58:33.966369 FacebookCT: check callback failed for the configuration
01:58:33.966370 Shodan: check callback failed for the configuration
01:58:33.966374 SecurityTrails: check callback failed for the configuration
01:58:33.966376 ReconDev: check callback failed for the configuration
