22:27:28.038711 Cloudflare: API key data was not provided
22:27:28.038866 Chaos: check callback failed for the configuration
22:27:28.038875 ZoomEye: check callback failed for the configuration
22:27:28.039291 FacebookCT: check callback failed for the configuration
22:27:28.039300 ReconDev: check callback failed for the configuration
22:27:28.039305 WhoisXMLAPI: check callback failed for the configuration
22:27:28.039294 GitHub: check callback failed for the configuration
22:27:28.038877 BinaryEdge: check callback failed for the configuration
22:27:28.038909 SecurityTrails: check callback failed for the configuration
22:27:28.038910 CIRCL: check callback failed for the configuration
22:27:28.038939 Shodan: check callback failed for the configuration
22:27:28.038961 AlienVault: API key data was not provided
22:27:28.039279 Spyse: check callback failed for the configuration
22:27:28.039283 C99: check callback failed for the configuration
22:27:28.039284 Twitter: API key data was not provided
22:27:28.039558 Twitter: check callback failed for the configuration
22:27:28.039285 URLScan: API key data was not provided
22:27:28.039286 Umbrella: API key data was not provided
22:27:28.039587 Umbrella: check callback failed for the configuration
22:27:28.039289 NetworksDB: API key data was not provided
22:27:28.039296 ThreatBook: check callback failed for the configuration
22:27:28.039303 PassiveTotal: check callback failed for the configuration
22:27:28.039308 ZETAlytics: check callback failed for the configuration
22:27:28.039309 DNSDB: API key data was not provided
22:27:28.039731 DNSDB: check callback failed for the configuration
22:27:34.155509 Querying Brute Forcing for fcbayern.com subdomains
22:27:34.155559 Querying BufferOver for fcbayern.com subdomains
22:27:34.155771 Querying Anubis for fcbayern.com subdomains
22:27:34.155782 Querying ArchiveIt for fcbayern.com subdomains
22:27:34.155788 Querying ArchiveToday for fcbayern.com subdomains
22:27:34.155793 Querying Ask for fcbayern.com subdomains
22:27:34.155799 Querying BuiltWith for fcbayern.com subdomains
22:27:34.155804 Querying Censys for fcbayern.com subdomains
22:27:34.155810 Querying Baidu for fcbayern.com subdomains
22:27:34.155814 Querying Bing for fcbayern.com subdomains
22:27:34.155827 Querying CertSpotter for fcbayern.com subdomains
22:27:34.155832 Querying AlienVault for fcbayern.com subdomains
22:27:34.155837 Querying CommonCrawl for fcbayern.com subdomains
22:27:34.155843 Querying Crtsh for fcbayern.com subdomains
22:27:34.155850 Querying SonarSearch for fcbayern.com subdomains
22:27:34.155856 Querying Sublist3rAPI for fcbayern.com subdomains
22:27:34.155861 Querying DNSDumpster for fcbayern.com subdomains
22:27:34.155866 Querying ThreatMiner for fcbayern.com subdomains
22:27:34.155872 Querying HackerTarget for fcbayern.com subdomains
22:27:34.155878 Querying Robtex for fcbayern.com subdomains
22:27:34.155883 Querying SiteDossier for fcbayern.com subdomains
22:27:34.155887 Querying VirusTotal for fcbayern.com subdomains
22:27:34.155893 Querying GoogleCT for fcbayern.com subdomains
22:27:34.155897 Querying Wayback for fcbayern.com subdomains
22:27:34.155902 Querying Yahoo for fcbayern.com subdomains
22:27:34.155907 Querying HackerOne for fcbayern.com subdomains
22:27:34.155913 Querying IPv4Info for fcbayern.com subdomains
22:27:34.155917 Querying RapidDNS for fcbayern.com subdomains
22:27:34.155923 Querying Riddler for fcbayern.com subdomains
22:27:34.155928 Querying ThreatCrowd for fcbayern.com subdomains
22:27:34.155932 Querying Mnemonic for fcbayern.com subdomains
22:27:34.155938 Querying URLScan for fcbayern.com subdomains
22:27:54.158578 URLScan: https://urlscan.io/api/v1/result/14a9fa96-ffc1-43ce-8601-05c19001be29/: 429 Too Many Requests
