02:07:49.171743 ZoomEye: check callback failed for the configuration
02:07:49.175449 Spyse: check callback failed for the configuration
02:07:49.175472 ThreatBook: check callback failed for the configuration
02:07:49.175494 Twitter: API key data was not provided
02:07:49.175500 Twitter: check callback failed for the configuration
02:07:49.175513 URLScan: API key data was not provided
02:07:49.175529 Umbrella: API key data was not provided
02:07:49.175535 Umbrella: check callback failed for the configuration
02:07:49.175556 WhoisXMLAPI: check callback failed for the configuration
02:07:49.175572 ZETAlytics: check callback failed for the configuration
02:07:49.175629 NetworksDB: API key data was not provided
02:07:49.175658 PassiveTotal: check callback failed for the configuration
02:07:49.175677 C99: check callback failed for the configuration
02:07:49.175712 AlienVault: API key data was not provided
02:07:49.175750 BinaryEdge: check callback failed for the configuration
02:07:49.176001 CIRCL: check callback failed for the configuration
02:07:49.176018 Chaos: check callback failed for the configuration
02:07:49.176102 Cloudflare: API key data was not provided
02:07:49.176116 DNSDB: API key data was not provided
02:07:49.177265 DNSDB: check callback failed for the configuration
02:07:49.176128 FacebookCT: check callback failed for the configuration
02:07:49.176134 GitHub: check callback failed for the configuration
02:07:49.176683 Shodan: check callback failed for the configuration
02:07:49.176694 ReconDev: check callback failed for the configuration
02:07:49.176714 SecurityTrails: check callback failed for the configuration
02:07:57.646042 Querying ArchiveIt for deutschepost.de subdomains
02:07:57.646127 Querying Mnemonic for deutschepost.de subdomains
02:07:57.646457 Querying IPv4Info for deutschepost.de subdomains
02:07:57.646469 Querying Ask for deutschepost.de subdomains
02:07:57.646475 Querying ArchiveToday for deutschepost.de subdomains
02:07:57.646482 Querying RapidDNS for deutschepost.de subdomains
02:07:57.646488 Querying Wayback for deutschepost.de subdomains
02:07:57.646497 Querying Riddler for deutschepost.de subdomains
02:07:57.646505 Querying Baidu for deutschepost.de subdomains
02:07:57.646513 Querying Robtex for deutschepost.de subdomains
02:07:57.646519 Querying Bing for deutschepost.de subdomains
02:07:57.646528 Querying Yahoo for deutschepost.de subdomains
02:07:57.646532 Querying SonarSearch for deutschepost.de subdomains
02:07:57.646537 Querying Brute Forcing for deutschepost.de subdomains
02:07:57.646541 Querying Anubis for deutschepost.de subdomains
02:07:57.646545 Querying BufferOver for deutschepost.de subdomains
02:07:57.646551 Querying Sublist3rAPI for deutschepost.de subdomains
02:07:57.646555 Querying ThreatCrowd for deutschepost.de subdomains
02:07:57.646559 Querying ThreatMiner for deutschepost.de subdomains
02:07:57.646563 Querying AlienVault for deutschepost.de subdomains
02:07:57.646567 Querying URLScan for deutschepost.de subdomains
02:07:57.646571 Querying BuiltWith for deutschepost.de subdomains
02:07:57.646576 Querying Censys for deutschepost.de subdomains
02:07:57.646580 Querying SiteDossier for deutschepost.de subdomains
02:07:57.646589 Querying CertSpotter for deutschepost.de subdomains
02:07:57.646594 Querying VirusTotal for deutschepost.de subdomains
02:07:57.646598 Querying CommonCrawl for deutschepost.de subdomains
02:07:57.646607 Querying GoogleCT for deutschepost.de subdomains
02:07:57.646611 Querying HackerTarget for deutschepost.de subdomains
02:07:57.646615 Querying HackerOne for deutschepost.de subdomains
02:07:57.646619 Querying Crtsh for deutschepost.de subdomains
02:07:57.646624 Querying DNSDumpster for deutschepost.de subdomains
02:08:22.650646 URLScan: https://urlscan.io/api/v1/result/45a03e6c-18df-42d1-8382-f5046ec0a536/: 429 Too Many Requests
