03:21:28.424247 Umbrella: API key data was not provided
03:21:28.424285 ZoomEye: check callback failed for the configuration
03:21:28.424288 ReconDev: check callback failed for the configuration
03:21:28.424304 SecurityTrails: check callback failed for the configuration
03:21:28.424307 AlienVault: API key data was not provided
03:21:28.424311 ZETAlytics: check callback failed for the configuration
03:21:28.424319 Spyse: check callback failed for the configuration
03:21:28.424328 GitHub: check callback failed for the configuration
03:21:28.424335 NetworksDB: API key data was not provided
03:21:28.424345 Shodan: check callback failed for the configuration
03:21:28.424348 WhoisXMLAPI: check callback failed for the configuration
03:21:28.424350 FacebookCT: check callback failed for the configuration
03:21:28.424369 BinaryEdge: check callback failed for the configuration
03:21:28.424533 PassiveTotal: check callback failed for the configuration
03:21:28.424536 Chaos: check callback failed for the configuration
03:21:28.424538 Cloudflare: API key data was not provided
03:21:28.424540 ThreatBook: check callback failed for the configuration
03:21:28.424542 C99: check callback failed for the configuration
03:21:28.424547 CIRCL: check callback failed for the configuration
03:21:28.424548 DNSDB: API key data was not provided
03:21:28.424775 DNSDB: check callback failed for the configuration
03:21:28.424549 URLScan: API key data was not provided
03:21:28.424550 Twitter: API key data was not provided
03:21:28.424802 Twitter: check callback failed for the configuration
03:21:28.424551 Umbrella: check callback failed for the configuration
03:21:33.920294 Querying HackerOne for telekom.de subdomains
03:21:33.920444 Querying GoogleCT for telekom.de subdomains
03:21:33.920488 Querying IPv4Info for telekom.de subdomains
03:21:33.920527 Querying VirusTotal for telekom.de subdomains
03:21:33.920562 Querying SonarSearch for telekom.de subdomains
03:21:33.920595 Querying Wayback for telekom.de subdomains
03:21:33.920630 Querying Mnemonic for telekom.de subdomains
03:21:33.920663 Querying HackerTarget for telekom.de subdomains
03:21:33.920691 Querying Sublist3rAPI for telekom.de subdomains
03:21:33.920715 Querying ThreatCrowd for telekom.de subdomains
03:21:33.920736 Querying RapidDNS for telekom.de subdomains
03:21:33.920759 Querying ThreatMiner for telekom.de subdomains
03:21:33.920782 Querying Riddler for telekom.de subdomains
03:21:33.920803 Querying URLScan for telekom.de subdomains
03:21:33.920822 Querying Yahoo for telekom.de subdomains
03:21:33.920842 Querying Robtex for telekom.de subdomains
03:21:33.920864 Querying Brute Forcing for telekom.de subdomains
03:21:33.920885 Querying AlienVault for telekom.de subdomains
03:21:33.920905 Querying BufferOver for telekom.de subdomains
03:21:33.920923 Querying SiteDossier for telekom.de subdomains
03:21:33.920967 Querying BuiltWith for telekom.de subdomains
03:21:33.920989 Querying Anubis for telekom.de subdomains
03:21:33.921012 Querying Censys for telekom.de subdomains
03:21:33.921031 Querying CertSpotter for telekom.de subdomains
03:21:33.921053 Querying Ask for telekom.de subdomains
03:21:33.921074 Querying CommonCrawl for telekom.de subdomains
03:21:33.921092 Querying Crtsh for telekom.de subdomains
03:21:33.921111 Querying DNSDumpster for telekom.de subdomains
03:21:33.921134 Querying ArchiveToday for telekom.de subdomains
03:21:33.921158 Querying ArchiveIt for telekom.de subdomains
03:21:33.921179 Querying Baidu for telekom.de subdomains
03:21:33.921198 Querying Bing for telekom.de subdomains
03:21:53.922006 URLScan: https://urlscan.io/api/v1/result/773bfe01-4229-4355-8752-24ec392dbe10/: 429 Too Many Requests
